{"D:\\workstuff\\bashprojects\\react_techtest_withunittests\\frontend-technical-test\\src\\App.js": {"path":"D:\\workstuff\\bashprojects\\react_techtest_withunittests\\frontend-technical-test\\src\\App.js","statementMap":{"0":{"start":{"line":8,"column":24},"end":{"line":8,"column":41}},"1":{"start":{"line":9,"column":26},"end":{"line":9,"column":28}},"2":{"start":{"line":10,"column":4},"end":{"line":26,"column":6}}},"fnMap":{"0":{"name":"App","decl":{"start":{"line":7,"column":24},"end":{"line":7,"column":27}},"loc":{"start":{"line":7,"column":30},"end":{"line":27,"column":1}},"line":7}},"branchMap":{},"s":{"0":2,"1":2,"2":2},"f":{"0":2},"b":{},"_coverageSchema":"1a1c01bbd47fc00a2c39e90264f33305004495a9","hash":"ef89df3662606cf54e8f235dc4d7efd1ebab0bef"}
,"D:\\workstuff\\bashprojects\\react_techtest_withunittests\\frontend-technical-test\\src\\api\\index.js": {"path":"D:\\workstuff\\bashprojects\\react_techtest_withunittests\\frontend-technical-test\\src\\api\\index.js","statementMap":{"0":{"start":{"line":12,"column":27},"end":{"line":12,"column":61}},"1":{"start":{"line":13,"column":24},"end":{"line":13,"column":51}},"2":{"start":{"line":14,"column":4},"end":{"line":14,"column":23}},"3":{"start":{"line":18,"column":37},"end":{"line":18,"column":74}},"4":{"start":{"line":19,"column":33},"end":{"line":19,"column":70}},"5":{"start":{"line":20,"column":4},"end":{"line":20,"column":32}},"6":{"start":{"line":23,"column":37},"end":{"line":23,"column":74}},"7":{"start":{"line":24,"column":33},"end":{"line":24,"column":70}},"8":{"start":{"line":25,"column":4},"end":{"line":25,"column":32}},"9":{"start":{"line":29,"column":37},"end":{"line":29,"column":74}},"10":{"start":{"line":30,"column":33},"end":{"line":30,"column":70}},"11":{"start":{"line":31,"column":4},"end":{"line":31,"column":32}},"12":{"start":{"line":34,"column":33},"end":{"line":34,"column":67}},"13":{"start":{"line":35,"column":30},"end":{"line":35,"column":63}},"14":{"start":{"line":36,"column":4},"end":{"line":36,"column":29}},"15":{"start":{"line":39,"column":35},"end":{"line":39,"column":67}},"16":{"start":{"line":40,"column":31},"end":{"line":40,"column":66}},"17":{"start":{"line":41,"column":4},"end":{"line":41,"column":30}}},"fnMap":{"0":{"name":"getData","decl":{"start":{"line":11,"column":30},"end":{"line":11,"column":37}},"loc":{"start":{"line":11,"column":40},"end":{"line":15,"column":1}},"line":11},"1":{"name":"getDataVehicleFpace","decl":{"start":{"line":17,"column":22},"end":{"line":17,"column":41}},"loc":{"start":{"line":17,"column":44},"end":{"line":21,"column":1}},"line":17},"2":{"name":"getDataVehicleFtype","decl":{"start":{"line":22,"column":22},"end":{"line":22,"column":41}},"loc":{"start":{"line":22,"column":44},"end":{"line":26,"column":1}},"line":22},"3":{"name":"getDataVehicleIpace","decl":{"start":{"line":28,"column":22},"end":{"line":28,"column":41}},"loc":{"start":{"line":28,"column":44},"end":{"line":32,"column":1}},"line":28},"4":{"name":"getDataVehicleXe","decl":{"start":{"line":33,"column":22},"end":{"line":33,"column":38}},"loc":{"start":{"line":33,"column":41},"end":{"line":37,"column":1}},"line":33},"5":{"name":"getAllVehicleData","decl":{"start":{"line":38,"column":22},"end":{"line":38,"column":39}},"loc":{"start":{"line":38,"column":42},"end":{"line":42,"column":1}},"line":38}},"branchMap":{},"s":{"0":1,"1":0,"2":0,"3":1,"4":0,"5":0,"6":1,"7":0,"8":0,"9":1,"10":0,"11":0,"12":1,"13":0,"14":0,"15":1,"16":0,"17":0},"f":{"0":1,"1":1,"2":1,"3":1,"4":1,"5":1},"b":{},"_coverageSchema":"1a1c01bbd47fc00a2c39e90264f33305004495a9","hash":"865467ee6843ca6606de226bb821d742b64da0c2"}
,"D:\\workstuff\\bashprojects\\react_techtest_withunittests\\frontend-technical-test\\src\\components\\Layout\\Layout.js": {"path":"D:\\workstuff\\bashprojects\\react_techtest_withunittests\\frontend-technical-test\\src\\components\\Layout\\Layout.js","statementMap":{"0":{"start":{"line":5,"column":4},"end":{"line":13,"column":6}}},"fnMap":{"0":{"name":"Layout","decl":{"start":{"line":4,"column":24},"end":{"line":4,"column":30}},"loc":{"start":{"line":4,"column":45},"end":{"line":14,"column":1}},"line":4}},"branchMap":{},"s":{"0":3},"f":{"0":3},"b":{},"_coverageSchema":"1a1c01bbd47fc00a2c39e90264f33305004495a9","hash":"f6da8be01984566c66696d4af003da3a76c00713"}
,"D:\\workstuff\\bashprojects\\react_techtest_withunittests\\frontend-technical-test\\src\\components\\SEO\\SEO.js": {"path":"D:\\workstuff\\bashprojects\\react_techtest_withunittests\\frontend-technical-test\\src\\components\\SEO\\SEO.js","statementMap":{"0":{"start":{"line":4,"column":4},"end":{"line":23,"column":6}}},"fnMap":{"0":{"name":"SEO","decl":{"start":{"line":3,"column":24},"end":{"line":3,"column":27}},"loc":{"start":{"line":3,"column":64},"end":{"line":24,"column":1}},"line":3}},"branchMap":{},"s":{"0":5},"f":{"0":5},"b":{},"_coverageSchema":"1a1c01bbd47fc00a2c39e90264f33305004495a9","hash":"a7c60e795b8c7d75d8d7a62453e4e8bb77f68109"}
,"D:\\workstuff\\bashprojects\\react_techtest_withunittests\\frontend-technical-test\\src\\components\\VehicleList\\index.js": {"path":"D:\\workstuff\\bashprojects\\react_techtest_withunittests\\frontend-technical-test\\src\\components\\VehicleList\\index.js","statementMap":{"0":{"start":{"line":16,"column":8},"end":{"line":16,"column":74}},"1":{"start":{"line":21,"column":8},"end":{"line":21,"column":74}},"2":{"start":{"line":26,"column":8},"end":{"line":26,"column":68}},"3":{"start":{"line":32,"column":8},"end":{"line":32,"column":59}},"4":{"start":{"line":38,"column":8},"end":{"line":38,"column":74}},"5":{"start":{"line":43,"column":8},"end":{"line":46,"column":6}},"6":{"start":{"line":48,"column":4},"end":{"line":56,"column":28}},"7":{"start":{"line":56,"column":8},"end":{"line":56,"column":28}},"8":{"start":{"line":57,"column":4},"end":{"line":65,"column":59}},"9":{"start":{"line":65,"column":8},"end":{"line":65,"column":59}},"10":{"start":{"line":68,"column":33},"end":{"line":68,"column":63}},"11":{"start":{"line":69,"column":33},"end":{"line":69,"column":63}},"12":{"start":{"line":70,"column":30},"end":{"line":70,"column":57}},"13":{"start":{"line":71,"column":29},"end":{"line":71,"column":59}},"14":{"start":{"line":73,"column":32},"end":{"line":73,"column":38}},"15":{"start":{"line":76,"column":4},"end":{"line":287,"column":6}},"16":{"start":{"line":100,"column":36},"end":{"line":100,"column":73}},"17":{"start":{"line":107,"column":36},"end":{"line":107,"column":73}},"18":{"start":{"line":140,"column":36},"end":{"line":140,"column":73}},"19":{"start":{"line":147,"column":36},"end":{"line":147,"column":73}},"20":{"start":{"line":179,"column":36},"end":{"line":179,"column":73}},"21":{"start":{"line":186,"column":36},"end":{"line":186,"column":73}},"22":{"start":{"line":216,"column":36},"end":{"line":216,"column":73}},"23":{"start":{"line":223,"column":36},"end":{"line":223,"column":73}},"24":{"start":{"line":267,"column":20},"end":{"line":283,"column":22}}},"fnMap":{"0":{"name":"VehicleList","decl":{"start":{"line":11,"column":24},"end":{"line":11,"column":35}},"loc":{"start":{"line":11,"column":38},"end":{"line":288,"column":1}},"line":11},"1":{"name":"(anonymous_1)","decl":{"start":{"line":99,"column":32},"end":{"line":99,"column":33}},"loc":{"start":{"line":100,"column":36},"end":{"line":100,"column":73}},"line":100},"2":{"name":"(anonymous_2)","decl":{"start":{"line":106,"column":32},"end":{"line":106,"column":33}},"loc":{"start":{"line":107,"column":36},"end":{"line":107,"column":73}},"line":107},"3":{"name":"(anonymous_3)","decl":{"start":{"line":139,"column":32},"end":{"line":139,"column":33}},"loc":{"start":{"line":140,"column":36},"end":{"line":140,"column":73}},"line":140},"4":{"name":"(anonymous_4)","decl":{"start":{"line":146,"column":32},"end":{"line":146,"column":33}},"loc":{"start":{"line":147,"column":36},"end":{"line":147,"column":73}},"line":147},"5":{"name":"(anonymous_5)","decl":{"start":{"line":178,"column":32},"end":{"line":178,"column":33}},"loc":{"start":{"line":179,"column":36},"end":{"line":179,"column":73}},"line":179},"6":{"name":"(anonymous_6)","decl":{"start":{"line":185,"column":32},"end":{"line":185,"column":33}},"loc":{"start":{"line":186,"column":36},"end":{"line":186,"column":73}},"line":186},"7":{"name":"(anonymous_7)","decl":{"start":{"line":215,"column":32},"end":{"line":215,"column":33}},"loc":{"start":{"line":216,"column":36},"end":{"line":216,"column":73}},"line":216},"8":{"name":"(anonymous_8)","decl":{"start":{"line":222,"column":32},"end":{"line":222,"column":33}},"loc":{"start":{"line":223,"column":36},"end":{"line":223,"column":73}},"line":223},"9":{"name":"(anonymous_9)","decl":{"start":{"line":266,"column":32},"end":{"line":266,"column":33}},"loc":{"start":{"line":266,"column":42},"end":{"line":284,"column":17}},"line":266}},"branchMap":{"0":{"loc":{"start":{"line":48,"column":4},"end":{"line":56,"column":28}},"type":"if","locations":[{"start":{"line":48,"column":4},"end":{"line":56,"column":28}},{"start":{},"end":{}}],"line":48},"1":{"loc":{"start":{"line":49,"column":8},"end":{"line":54,"column":29}},"type":"binary-expr","locations":[{"start":{"line":49,"column":8},"end":{"line":49,"column":17}},{"start":{"line":50,"column":8},"end":{"line":50,"column":29}},{"start":{"line":51,"column":8},"end":{"line":51,"column":27}},{"start":{"line":52,"column":8},"end":{"line":52,"column":26}},{"start":{"line":53,"column":8},"end":{"line":53,"column":29}},{"start":{"line":54,"column":8},"end":{"line":54,"column":29}}],"line":49},"2":{"loc":{"start":{"line":57,"column":4},"end":{"line":65,"column":59}},"type":"if","locations":[{"start":{"line":57,"column":4},"end":{"line":65,"column":59}},{"start":{},"end":{}}],"line":57},"3":{"loc":{"start":{"line":58,"column":8},"end":{"line":63,"column":25}},"type":"binary-expr","locations":[{"start":{"line":58,"column":8},"end":{"line":58,"column":13}},{"start":{"line":59,"column":8},"end":{"line":59,"column":25}},{"start":{"line":60,"column":8},"end":{"line":60,"column":23}},{"start":{"line":61,"column":8},"end":{"line":61,"column":22}},{"start":{"line":62,"column":8},"end":{"line":62,"column":25}},{"start":{"line":63,"column":8},"end":{"line":63,"column":25}}],"line":58}},"s":{"0":2,"1":2,"2":2,"3":2,"4":2,"5":2,"6":2,"7":2,"8":0,"9":0,"10":0,"11":0,"12":0,"13":0,"14":0,"15":0,"16":0,"17":0,"18":0,"19":0,"20":0,"21":0,"22":0,"23":0,"24":0},"f":{"0":2,"1":0,"2":0,"3":0,"4":0,"5":0,"6":0,"7":0,"8":0,"9":0},"b":{"0":[2,0],"1":[2,0,0,0,0,0],"2":[0,0],"3":[0,0,0,0,0,0]},"_coverageSchema":"1a1c01bbd47fc00a2c39e90264f33305004495a9","hash":"a23dfacb77da7291631b1db29806f56b8ec435bf"}
}
