TN:
SF:src\App.js
FN:7,App
FNF:1
FNH:1
FNDA:2,App
DA:8,2
DA:9,2
DA:10,2
LF:3
LH:3
BRF:0
BRH:0
end_of_record
TN:
SF:src\api\index.js
FN:11,getData
FN:17,getDataVehicleFpace
FN:22,getDataVehicleFtype
FN:28,getDataVehicleIpace
FN:33,getDataVehicleXe
FN:38,getAllVehicleData
FNF:6
FNH:6
FNDA:1,getData
FNDA:1,getDataVehicleFpace
FNDA:1,getDataVehicleFtype
FNDA:1,getDataVehicleIpace
FNDA:1,getDataVehicleXe
FNDA:1,getAllVehicleData
DA:12,1
DA:13,0
DA:14,0
DA:18,1
DA:19,0
DA:20,0
DA:23,1
DA:24,0
DA:25,0
DA:29,1
DA:30,0
DA:31,0
DA:34,1
DA:35,0
DA:36,0
DA:39,1
DA:40,0
DA:41,0
LF:18
LH:6
BRF:0
BRH:0
end_of_record
TN:
SF:src\components\Layout\Layout.js
FN:4,Layout
FNF:1
FNH:1
FNDA:3,Layout
DA:5,3
LF:1
LH:1
BRF:0
BRH:0
end_of_record
TN:
SF:src\components\SEO\SEO.js
FN:3,SEO
FNF:1
FNH:1
FNDA:5,SEO
DA:4,5
LF:1
LH:1
BRF:0
BRH:0
end_of_record
TN:
SF:src\components\VehicleList\index.js
FN:11,VehicleList
FN:99,(anonymous_1)
FN:106,(anonymous_2)
FN:139,(anonymous_3)
FN:146,(anonymous_4)
FN:178,(anonymous_5)
FN:185,(anonymous_6)
FN:215,(anonymous_7)
FN:222,(anonymous_8)
FN:266,(anonymous_9)
FNF:10
FNH:1
FNDA:2,VehicleList
FNDA:0,(anonymous_1)
FNDA:0,(anonymous_2)
FNDA:0,(anonymous_3)
FNDA:0,(anonymous_4)
FNDA:0,(anonymous_5)
FNDA:0,(anonymous_6)
FNDA:0,(anonymous_7)
FNDA:0,(anonymous_8)
FNDA:0,(anonymous_9)
DA:16,2
DA:21,2
DA:26,2
DA:32,2
DA:38,2
DA:43,2
DA:48,2
DA:56,2
DA:57,0
DA:65,0
DA:68,0
DA:69,0
DA:70,0
DA:71,0
DA:73,0
DA:76,0
DA:100,0
DA:107,0
DA:140,0
DA:147,0
DA:179,0
DA:186,0
DA:216,0
DA:223,0
DA:267,0
LF:25
LH:8
BRDA:48,0,0,2
BRDA:48,0,1,0
BRDA:49,1,0,2
BRDA:49,1,1,0
BRDA:49,1,2,0
BRDA:49,1,3,0
BRDA:49,1,4,0
BRDA:49,1,5,0
BRDA:57,2,0,0
BRDA:57,2,1,0
BRDA:58,3,0,0
BRDA:58,3,1,0
BRDA:58,3,2,0
BRDA:58,3,3,0
BRDA:58,3,4,0
BRDA:58,3,5,0
BRF:16
BRH:2
end_of_record
